<?xml version="1.0" encoding="UTF-8"?>
<testsuite name="com.kodilla.selenium.pom.KodillaLoginPomTest" tests="1" skipped="0" failures="0" errors="0" timestamp="2025-11-17T12:40:03.923Z" hostname="DESKTOP-CMK6P3P" time="5.203">
  <properties/>
  <testcase name="testLoginPage_CheckErrorValidation()" classname="com.kodilla.selenium.pom.KodillaLoginPomTest" time="5.203"/>
  <system-out><![CDATA[]]></system-out>
  <system-err><![CDATA[SLF4J: Failed to load class "org.slf4j.impl.StaticLoggerBinder".
SLF4J: Defaulting to no-operation (NOP) logger implementation
SLF4J: See http://www.slf4j.org/codes.html#StaticLoggerBinder for further details.
lis 17, 2025 1:40:04 PM org.openqa.selenium.remote.RemoteWebDriver checkNonW3CCapabilities
WARNING: Support for Legacy Capabilities is deprecated; You are sending the following invalid capabilities: [marionette]; Please update to W3C Syntax: https://www.selenium.dev/blog/2022/legacy-protocol-support/
1763383204286	geckodriver	INFO	Listening on 127.0.0.1:51347
1763383204502	mozrunner::runner	INFO	Running command: "C:\\Program Files\\Mozilla Firefox\\firefox.exe" "--marionette" "--remote-debugging-port" "56014" "--remote ... w-origins" "http://localhost:56014/" "-no-remote" "-profile" "C:\\Users\\Joanna\\AppData\\Local\\Temp\\rust_mozprofilezRHPFv"
console.warn: services.settings: Ignoring preference override of remote settings server
console.warn: services.settings: Allow by setting MOZ_REMOTE_SETTINGS_DEVTOOLS=1 in the environment
Dynamically enable window occlusion 0
1763383204815	Marionette	INFO	Marionette enabled
1763383204888	Marionette	INFO	Listening on port 62144
WebDriver BiDi listening on ws://127.0.0.1:56014
Read port: 62144
1763383204996	RemoteAgent	WARN	TLS certificate errors will be ignored for this session
lis 17, 2025 1:40:06 PM org.openqa.selenium.remote.ProtocolHandshake createSession
INFO: Detected upstream dialect: W3C
lis 17, 2025 1:40:06 PM org.openqa.selenium.remote.ProtocolHandshake createSession
WARNING: Support for Legacy Capabilities is deprecated; You are sending the following invalid capabilities: [marionette]; Please update to W3C Syntax: https://www.selenium.dev/blog/2022/legacy-protocol-support/
console.warn: LoginRecipes: "Falling back to a synchronous message for: https://kodilla.com."
1763383208260	Marionette	INFO	Stopped listening on port 62144
Dynamically enable window occlusion 1
console.error: "Failed to fetch https://spocs.getpocket.com/user:" "NetworkError when attempting to fetch resource."
console.error: (new TypeError("NetworkError when attempting to fetch resource.", ""))
console.error: (new Error("OHTTP was configured for https://ads.mozilla.org/v1/delete_user but we couldn't fetch a valid config", "moz-src:///browser/modules/ContextId.sys.mjs", 234))
console.warn: TopSitesFeed: Failed to fetch data from MARS server: NetworkError when attempting to fetch resource.
JavaScript error: resource://gre/modules/ObliviousHTTP.sys.mjs, line 117: NS_ERROR_XPC_CANT_CONVERT_PRIMITIVE_TO_ARRAY: Cannot convert primitive JavaScript value into an array arg 2 [nsIObliviousHttpService.newChannel]
JavaScript error: resource:///modules/AboutNewTab.sys.mjs, line 242: NS_ERROR_ILLEGAL_VALUE: Component returned failure code: 0x80070057 (NS_ERROR_ILLEGAL_VALUE) [nsIObserverService.removeObserver]
JavaScript error: resource://services-settings/RemoteSettingsClient.sys.mjs, line 85: Error: Unknown callback
JavaScript error: resource://gre/modules/JSONFile.sys.mjs, line 432: TypeError: can't access property "toJSONSafe", this._data is null
]]></system-err>
</testsuite>
